-------------------------------------------------------------------------------
Test set: org.mmpp.twitter.RobotServiceTest
-------------------------------------------------------------------------------
Tests run: 6, Failures: 6, Errors: 0, Skipped: 0, Time elapsed: 0.011 sec <<< FAILURE!
org.mmpp.twitter.RobotServiceTest.testStart()  Time elapsed: 0 sec  <<< FAILURE!
java.lang.NullPointerException
	at org.mmpp.twitter.RobotServiceTest.testStart(RobotServiceTest.java:24)

org.mmpp.twitter.RobotServiceTest.testStop()  Time elapsed: 0.001 sec  <<< FAILURE!
java.lang.NullPointerException
	at org.mmpp.twitter.RobotServiceTest.testStop(RobotServiceTest.java:30)

org.mmpp.twitter.RobotServiceTest.testGetStatus()  Time elapsed: 0.001 sec  <<< FAILURE!
java.lang.NullPointerException
	at org.mmpp.twitter.RobotServiceTest.testGetStatus(RobotServiceTest.java:36)

org.mmpp.twitter.RobotServiceTest.testGetStatusStart()  Time elapsed: 0.001 sec  <<< FAILURE!
java.lang.NullPointerException
	at org.mmpp.twitter.RobotServiceTest.testGetStatusStart(RobotServiceTest.java:40)

org.mmpp.twitter.RobotServiceTest.testGetStatusStop()  Time elapsed: 0.001 sec  <<< FAILURE!
java.lang.NullPointerException
	at org.mmpp.twitter.RobotServiceTest.testGetStatusStop(RobotServiceTest.java:45)

org.mmpp.twitter.RobotServiceTest.testGetStatusStartStop()  Time elapsed: 0 sec  <<< FAILURE!
java.lang.NullPointerException
	at org.mmpp.twitter.RobotServiceTest.testGetStatusStartStop(RobotServiceTest.java:50)

