<?xml version="1.0" encoding="UTF-8" ?>
<testsuite failures="1" time="0.008" errors="0" skipped="0" tests="1" name="org.mmpp.sample.text.util.WordTextUtilTest">
  <properties>
[...]
</properties>
  <testcase time="0.005" classname="org.mmpp.sample.text.util.WordTextUtilTest" name="org.mmpp.sample.text.util.WordTextUtilTest.testGetText">
    <failure message="org/junit/Assert" type="java.lang.NoClassDefFoundError">java.lang.NoClassDefFoundError: org/junit/Assert
	at org.mmpp.sample.text.util.WordTextUtilTest.testGetText(WordTextUtilTest.java:17)
Caused by: java.lang.ClassNotFoundException: org.junit.Assert
	at java.net.URLClassLoader$1.run(URLClassLoader.java:202)
	at java.security.AccessController.doPrivileged(Native Method)
	at java.net.URLClassLoader.findClass(URLClassLoader.java:190)
	at java.lang.ClassLoader.loadClass(ClassLoader.java:307)
	at sun.misc.Launcher$AppClassLoader.loadClass(Launcher.java:301)
	at java.lang.ClassLoader.loadClass(ClassLoader.java:248)
	... 19 more
</failure>
    <system-out>@HL
@HL-------------------------------------------------------
@HL T E S T S
@HL-------------------------------------------------------
@SLRunning org.mmpp.sample.text.util.WordTextUtilTest
</system-out>
  </testcase>
</testsuite>